2018-12-28 18:25:06,293 INFO org.springframework.boot.StartupInfoLogger [restartedMain] Starting ConsoleApplication on longbridge-46 with PID 27393 (/home/longbridge/Desktop/Longbridge/ConsoleService/Console/target/classes started by longbridge in /home/longbridge/Desktop/Longbridge/ConsoleService/Console)
2018-12-28 18:25:06,309 DEBUG org.springframework.boot.StartupInfoLogger [restartedMain] Running with Spring Boot v2.2.0.BUILD-SNAPSHOT, Spring v5.1.4.BUILD-SNAPSHOT
2018-12-28 18:25:06,310 INFO org.springframework.boot.SpringApplication [restartedMain] No active profile set, falling back to default profiles: default
2018-12-28 18:25:06,436 INFO org.springframework.boot.logging.DeferredLog [restartedMain] Devtools property defaults active! Set 'spring.devtools.add-properties' to 'false' to disable
2018-12-28 18:25:06,437 INFO org.springframework.boot.logging.DeferredLog [restartedMain] For additional web related logging consider setting the 'logging.level.web' property to 'DEBUG'
2018-12-28 18:25:07,729 WARN org.springframework.context.support.AbstractApplicationContext [restartedMain] Exception encountered during context initialization - cancelling refresh attempt: org.springframework.beans.factory.support.BeanDefinitionOverrideException: Invalid bean definition with name 'serviceStatusRepo' defined in class path resource [com/bprogrammer/example/Console/webservices/IntegrifyDocWsdlEndPoint.class]: Cannot register bean definition [Root bean: class [null]; scope=; abstract=false; lazyInit=false; autowireMode=3; dependencyCheck=0; autowireCandidate=true; primary=false; factoryBeanName=integrifyDocWsdlEndPoint; factoryMethodName=serviceStatusRepo; initMethodName=null; destroyMethodName=(inferred); defined in class path resource [com/bprogrammer/example/Console/webservices/IntegrifyDocWsdlEndPoint.class]] for bean 'serviceStatusRepo': There is already [Root bean: class [null]; scope=; abstract=false; lazyInit=false; autowireMode=3; dependencyCheck=0; autowireCandidate=true; primary=false; factoryBeanName=consoleDocWsdlEndPoint; factoryMethodName=serviceStatusRepo; initMethodName=null; destroyMethodName=(inferred); defined in class path resource [com/bprogrammer/example/Console/webservices/ConsoleDocWsdlEndPoint.class]] bound.
2018-12-28 18:25:07,739 INFO org.springframework.boot.autoconfigure.logging.ConditionEvaluationReportLoggingListener [restartedMain] 

Error starting ApplicationContext. To display the conditions report re-run your application with 'debug' enabled.
2018-12-28 18:25:07,742 ERROR org.springframework.boot.diagnostics.LoggingFailureAnalysisReporter [restartedMain] 

***************************
APPLICATION FAILED TO START
***************************

Description:

The bean 'serviceStatusRepo', defined in class path resource [com/bprogrammer/example/Console/webservices/IntegrifyDocWsdlEndPoint.class], could not be registered. A bean with that name has already been defined in class path resource [com/bprogrammer/example/Console/webservices/ConsoleDocWsdlEndPoint.class] and overriding is disabled.

Action:

Consider renaming one of the beans or enabling overriding by setting spring.main.allow-bean-definition-overriding=true

2018-12-28 18:27:59,682 INFO org.springframework.boot.StartupInfoLogger [restartedMain] Starting ConsoleApplication on longbridge-46 with PID 27966 (/home/longbridge/Desktop/Longbridge/ConsoleService/Console/target/classes started by longbridge in /home/longbridge/Desktop/Longbridge/ConsoleService/Console)
2018-12-28 18:27:59,697 DEBUG org.springframework.boot.StartupInfoLogger [restartedMain] Running with Spring Boot v2.2.0.BUILD-SNAPSHOT, Spring v5.1.4.BUILD-SNAPSHOT
2018-12-28 18:27:59,698 INFO org.springframework.boot.SpringApplication [restartedMain] No active profile set, falling back to default profiles: default
2018-12-28 18:27:59,989 INFO org.springframework.boot.logging.DeferredLog [restartedMain] Devtools property defaults active! Set 'spring.devtools.add-properties' to 'false' to disable
2018-12-28 18:27:59,989 INFO org.springframework.boot.logging.DeferredLog [restartedMain] For additional web related logging consider setting the 'logging.level.web' property to 'DEBUG'
2018-12-28 18:28:00,817 WARN org.springframework.context.support.AbstractApplicationContext [restartedMain] Exception encountered during context initialization - cancelling refresh attempt: org.springframework.beans.factory.support.BeanDefinitionOverrideException: Invalid bean definition with name 'serviceStatusRepo' defined in class path resource [com/bprogrammer/example/Console/webservices/IntegrifyDocWsdlEndPoint.class]: Cannot register bean definition [Root bean: class [null]; scope=; abstract=false; lazyInit=false; autowireMode=3; dependencyCheck=0; autowireCandidate=true; primary=false; factoryBeanName=integrifyDocWsdlEndPoint; factoryMethodName=serviceStatusRepo; initMethodName=null; destroyMethodName=(inferred); defined in class path resource [com/bprogrammer/example/Console/webservices/IntegrifyDocWsdlEndPoint.class]] for bean 'serviceStatusRepo': There is already [Root bean: class [null]; scope=; abstract=false; lazyInit=false; autowireMode=3; dependencyCheck=0; autowireCandidate=true; primary=false; factoryBeanName=consoleDocWsdlEndPoint; factoryMethodName=serviceStatusRepo; initMethodName=null; destroyMethodName=(inferred); defined in class path resource [com/bprogrammer/example/Console/webservices/ConsoleDocWsdlEndPoint.class]] bound.
2018-12-28 18:28:00,856 INFO org.springframework.boot.autoconfigure.logging.ConditionEvaluationReportLoggingListener [restartedMain] 

Error starting ApplicationContext. To display the conditions report re-run your application with 'debug' enabled.
2018-12-28 18:28:00,859 ERROR org.springframework.boot.diagnostics.LoggingFailureAnalysisReporter [restartedMain] 

***************************
APPLICATION FAILED TO START
***************************

Description:

The bean 'serviceStatusRepo', defined in class path resource [com/bprogrammer/example/Console/webservices/IntegrifyDocWsdlEndPoint.class], could not be registered. A bean with that name has already been defined in class path resource [com/bprogrammer/example/Console/webservices/ConsoleDocWsdlEndPoint.class] and overriding is disabled.

Action:

Consider renaming one of the beans or enabling overriding by setting spring.main.allow-bean-definition-overriding=true

2018-12-28 18:35:26,888 INFO org.springframework.boot.StartupInfoLogger [restartedMain] Starting ConsoleApplication on longbridge-46 with PID 29121 (/home/longbridge/Desktop/Longbridge/ConsoleService/Console/target/classes started by longbridge in /home/longbridge/Desktop/Longbridge/ConsoleService/Console)
2018-12-28 18:35:26,956 DEBUG org.springframework.boot.StartupInfoLogger [restartedMain] Running with Spring Boot v2.2.0.BUILD-SNAPSHOT, Spring v5.1.4.BUILD-SNAPSHOT
2018-12-28 18:35:26,958 INFO org.springframework.boot.SpringApplication [restartedMain] No active profile set, falling back to default profiles: default
2018-12-28 18:35:27,069 INFO org.springframework.boot.logging.DeferredLog [restartedMain] Devtools property defaults active! Set 'spring.devtools.add-properties' to 'false' to disable
2018-12-28 18:35:27,070 INFO org.springframework.boot.logging.DeferredLog [restartedMain] For additional web related logging consider setting the 'logging.level.web' property to 'DEBUG'
2018-12-28 18:35:27,913 WARN org.springframework.context.support.AbstractApplicationContext [restartedMain] Exception encountered during context initialization - cancelling refresh attempt: org.springframework.beans.factory.support.BeanDefinitionOverrideException: Invalid bean definition with name 'serviceStatusRepo' defined in class path resource [com/bprogrammer/example/Console/webservices/IntegrifyDocWsdlEndPoint.class]: Cannot register bean definition [Root bean: class [null]; scope=; abstract=false; lazyInit=false; autowireMode=3; dependencyCheck=0; autowireCandidate=true; primary=false; factoryBeanName=integrifyDocWsdlEndPoint; factoryMethodName=serviceStatusRepo; initMethodName=null; destroyMethodName=(inferred); defined in class path resource [com/bprogrammer/example/Console/webservices/IntegrifyDocWsdlEndPoint.class]] for bean 'serviceStatusRepo': There is already [Root bean: class [null]; scope=; abstract=false; lazyInit=false; autowireMode=3; dependencyCheck=0; autowireCandidate=true; primary=false; factoryBeanName=consoleDocWsdlEndPoint; factoryMethodName=serviceStatusRepo; initMethodName=null; destroyMethodName=(inferred); defined in class path resource [com/bprogrammer/example/Console/webservices/ConsoleDocWsdlEndPoint.class]] bound.
2018-12-28 18:35:27,925 INFO org.springframework.boot.autoconfigure.logging.ConditionEvaluationReportLoggingListener [restartedMain] 

Error starting ApplicationContext. To display the conditions report re-run your application with 'debug' enabled.
2018-12-28 18:35:27,929 ERROR org.springframework.boot.diagnostics.LoggingFailureAnalysisReporter [restartedMain] 

***************************
APPLICATION FAILED TO START
***************************

Description:

The bean 'serviceStatusRepo', defined in class path resource [com/bprogrammer/example/Console/webservices/IntegrifyDocWsdlEndPoint.class], could not be registered. A bean with that name has already been defined in class path resource [com/bprogrammer/example/Console/webservices/ConsoleDocWsdlEndPoint.class] and overriding is disabled.

Action:

Consider renaming one of the beans or enabling overriding by setting spring.main.allow-bean-definition-overriding=true

2018-12-28 18:37:36,030 INFO org.springframework.boot.StartupInfoLogger [restartedMain] Starting ConsoleApplication on longbridge-46 with PID 29517 (/home/longbridge/Desktop/Longbridge/ConsoleService/Console/target/classes started by longbridge in /home/longbridge/Desktop/Longbridge/ConsoleService/Console)
2018-12-28 18:37:36,059 DEBUG org.springframework.boot.StartupInfoLogger [restartedMain] Running with Spring Boot v2.2.0.BUILD-SNAPSHOT, Spring v5.1.4.BUILD-SNAPSHOT
2018-12-28 18:37:36,061 INFO org.springframework.boot.SpringApplication [restartedMain] No active profile set, falling back to default profiles: default
2018-12-28 18:37:36,165 INFO org.springframework.boot.logging.DeferredLog [restartedMain] Devtools property defaults active! Set 'spring.devtools.add-properties' to 'false' to disable
2018-12-28 18:37:36,166 INFO org.springframework.boot.logging.DeferredLog [restartedMain] For additional web related logging consider setting the 'logging.level.web' property to 'DEBUG'
2018-12-28 18:37:37,099 WARN org.springframework.context.support.AbstractApplicationContext [restartedMain] Exception encountered during context initialization - cancelling refresh attempt: org.springframework.beans.factory.support.BeanDefinitionOverrideException: Invalid bean definition with name 'serviceStatusRepo' defined in class path resource [com/bprogrammer/example/Console/webservices/IntegrifyDocWsdlEndPoint.class]: Cannot register bean definition [Root bean: class [null]; scope=; abstract=false; lazyInit=false; autowireMode=3; dependencyCheck=0; autowireCandidate=true; primary=false; factoryBeanName=integrifyDocWsdlEndPoint; factoryMethodName=serviceStatusRepo; initMethodName=null; destroyMethodName=(inferred); defined in class path resource [com/bprogrammer/example/Console/webservices/IntegrifyDocWsdlEndPoint.class]] for bean 'serviceStatusRepo': There is already [Root bean: class [null]; scope=; abstract=false; lazyInit=false; autowireMode=3; dependencyCheck=0; autowireCandidate=true; primary=false; factoryBeanName=consoleDocWsdlEndPoint; factoryMethodName=serviceStatusRepo; initMethodName=null; destroyMethodName=(inferred); defined in class path resource [com/bprogrammer/example/Console/webservices/ConsoleDocWsdlEndPoint.class]] bound.
2018-12-28 18:37:37,116 INFO org.springframework.boot.autoconfigure.logging.ConditionEvaluationReportLoggingListener [restartedMain] 

Error starting ApplicationContext. To display the conditions report re-run your application with 'debug' enabled.
2018-12-28 18:37:37,120 ERROR org.springframework.boot.diagnostics.LoggingFailureAnalysisReporter [restartedMain] 

***************************
APPLICATION FAILED TO START
***************************

Description:

The bean 'serviceStatusRepo', defined in class path resource [com/bprogrammer/example/Console/webservices/IntegrifyDocWsdlEndPoint.class], could not be registered. A bean with that name has already been defined in class path resource [com/bprogrammer/example/Console/webservices/ConsoleDocWsdlEndPoint.class] and overriding is disabled.

Action:

Consider renaming one of the beans or enabling overriding by setting spring.main.allow-bean-definition-overriding=true

2018-12-28 19:07:45,024 INFO org.springframework.boot.StartupInfoLogger [restartedMain] Starting ConsoleApplication on longbridge-46 with PID 1606 (/home/longbridge/Desktop/Longbridge/ConsoleService/Console/target/classes started by longbridge in /home/longbridge/Desktop/Longbridge/ConsoleService/Console)
2018-12-28 19:07:45,090 DEBUG org.springframework.boot.StartupInfoLogger [restartedMain] Running with Spring Boot v2.2.0.BUILD-SNAPSHOT, Spring v5.1.4.BUILD-SNAPSHOT
2018-12-28 19:07:45,092 INFO org.springframework.boot.SpringApplication [restartedMain] No active profile set, falling back to default profiles: default
2018-12-28 19:07:45,346 INFO org.springframework.boot.logging.DeferredLog [restartedMain] Devtools property defaults active! Set 'spring.devtools.add-properties' to 'false' to disable
2018-12-28 19:07:45,347 INFO org.springframework.boot.logging.DeferredLog [restartedMain] For additional web related logging consider setting the 'logging.level.web' property to 'DEBUG'
2018-12-28 19:07:49,063 INFO org.springframework.context.support.PostProcessorRegistrationDelegate$BeanPostProcessorChecker [restartedMain] Bean 'org.springframework.ws.config.annotation.DelegatingWsConfiguration' of type [org.springframework.ws.config.annotation.DelegatingWsConfiguration$$EnhancerBySpringCGLIB$$34891c1f] is not eligible for getting processed by all BeanPostProcessors (for example: not eligible for auto-proxying)
2018-12-28 19:07:50,212 INFO org.springframework.ws.soap.addressing.server.AbstractAddressingEndpointMapping [restartedMain] Supporting [WS-Addressing August 2004, WS-Addressing 1.0]
2018-12-28 19:07:55,698 INFO org.springframework.boot.web.embedded.tomcat.TomcatWebServer [restartedMain] Tomcat initialized with port(s): 8080 (http)
2018-12-28 19:07:55,799 INFO org.apache.juli.logging.DirectJDKLog [restartedMain] Initializing ProtocolHandler ["http-nio-8080"]
2018-12-28 19:07:55,859 INFO org.apache.juli.logging.DirectJDKLog [restartedMain] Starting service [Tomcat]
2018-12-28 19:07:55,860 INFO org.apache.juli.logging.DirectJDKLog [restartedMain] Starting Servlet engine: [Apache Tomcat/9.0.14]
2018-12-28 19:07:55,907 INFO org.apache.juli.logging.DirectJDKLog [restartedMain] The APR based Apache Tomcat Native library which allows optimal performance in production environments was not found on the java.library.path: [/usr/java/packages/lib/amd64:/usr/lib/x86_64-linux-gnu/jni:/lib/x86_64-linux-gnu:/usr/lib/x86_64-linux-gnu:/usr/lib/jni:/lib:/usr/lib]
2018-12-28 19:07:56,100 INFO org.apache.juli.logging.DirectJDKLog [restartedMain] Initializing Spring embedded WebApplicationContext
2018-12-28 19:07:56,100 INFO org.springframework.boot.web.servlet.context.ServletWebServerApplicationContext [restartedMain] Root WebApplicationContext: initialization completed in 10752 ms
2018-12-28 19:07:57,732 INFO org.springframework.scheduling.concurrent.ExecutorConfigurationSupport [restartedMain] Initializing ExecutorService 'applicationTaskExecutor'
2018-12-28 19:07:59,528 INFO org.springframework.boot.devtools.autoconfigure.OptionalLiveReloadServer [restartedMain] LiveReload server is running on port 35729
2018-12-28 19:07:59,623 INFO org.apache.juli.logging.DirectJDKLog [restartedMain] Starting ProtocolHandler ["http-nio-8080"]
2018-12-28 19:07:59,665 INFO org.springframework.boot.web.embedded.tomcat.TomcatWebServer [restartedMain] Tomcat started on port(s): 8080 (http) with context path ''
2018-12-28 19:07:59,687 INFO org.springframework.boot.StartupInfoLogger [restartedMain] Started ConsoleApplication in 15.54 seconds (JVM running for 16.516)
2018-12-28 19:07:59,690 INFO com.bprogrammer.example.Console.ConsoleApplication [restartedMain] Web service has started
2018-12-28 19:12:44,693 INFO org.springframework.scheduling.concurrent.ExecutorConfigurationSupport [Thread-39] Shutting down ExecutorService 'applicationTaskExecutor'
2018-12-28 19:13:08,983 INFO org.springframework.boot.StartupInfoLogger [restartedMain] Starting ConsoleApplication on longbridge-46 with PID 3262 (/home/longbridge/Desktop/Longbridge/ConsoleService/Console/target/classes started by longbridge in /home/longbridge/Desktop/Longbridge/ConsoleService/Console)
2018-12-28 19:13:09,042 DEBUG org.springframework.boot.StartupInfoLogger [restartedMain] Running with Spring Boot v2.2.0.BUILD-SNAPSHOT, Spring v5.1.4.BUILD-SNAPSHOT
2018-12-28 19:13:09,043 INFO org.springframework.boot.SpringApplication [restartedMain] No active profile set, falling back to default profiles: default
2018-12-28 19:13:09,436 INFO org.springframework.boot.logging.DeferredLog [restartedMain] Devtools property defaults active! Set 'spring.devtools.add-properties' to 'false' to disable
2018-12-28 19:13:09,436 INFO org.springframework.boot.logging.DeferredLog [restartedMain] For additional web related logging consider setting the 'logging.level.web' property to 'DEBUG'
2018-12-28 19:13:11,544 INFO org.springframework.context.support.PostProcessorRegistrationDelegate$BeanPostProcessorChecker [restartedMain] Bean 'org.springframework.ws.config.annotation.DelegatingWsConfiguration' of type [org.springframework.ws.config.annotation.DelegatingWsConfiguration$$EnhancerBySpringCGLIB$$e7db80b5] is not eligible for getting processed by all BeanPostProcessors (for example: not eligible for auto-proxying)
2018-12-28 19:13:11,702 INFO org.springframework.ws.soap.addressing.server.AbstractAddressingEndpointMapping [restartedMain] Supporting [WS-Addressing August 2004, WS-Addressing 1.0]
2018-12-28 19:13:12,859 INFO org.springframework.boot.web.embedded.tomcat.TomcatWebServer [restartedMain] Tomcat initialized with port(s): 8080 (http)
2018-12-28 19:13:12,920 INFO org.apache.juli.logging.DirectJDKLog [restartedMain] Initializing ProtocolHandler ["http-nio-8080"]
2018-12-28 19:13:12,941 INFO org.apache.juli.logging.DirectJDKLog [restartedMain] Starting service [Tomcat]
2018-12-28 19:13:12,942 INFO org.apache.juli.logging.DirectJDKLog [restartedMain] Starting Servlet engine: [Apache Tomcat/9.0.14]
2018-12-28 19:13:12,950 INFO org.apache.juli.logging.DirectJDKLog [restartedMain] The APR based Apache Tomcat Native library which allows optimal performance in production environments was not found on the java.library.path: [/usr/java/packages/lib/amd64:/usr/lib/x86_64-linux-gnu/jni:/lib/x86_64-linux-gnu:/usr/lib/x86_64-linux-gnu:/usr/lib/jni:/lib:/usr/lib]
2018-12-28 19:13:13,092 INFO org.apache.juli.logging.DirectJDKLog [restartedMain] Initializing Spring embedded WebApplicationContext
2018-12-28 19:13:13,093 INFO org.springframework.boot.web.servlet.context.ServletWebServerApplicationContext [restartedMain] Root WebApplicationContext: initialization completed in 3656 ms
2018-12-28 19:13:13,334 WARN org.springframework.context.support.AbstractApplicationContext [restartedMain] Exception encountered during context initialization - cancelling refresh attempt: org.springframework.beans.factory.UnsatisfiedDependencyException: Error creating bean with name 'consoleDocWsdlEndPoint': Unsatisfied dependency expressed through field 'consoleStatusRepo'; nested exception is org.springframework.beans.factory.UnsatisfiedDependencyException: Error creating bean with name 'integrifyDocWsdlEndPoint': Unsatisfied dependency expressed through field 'serviceStatusRepo'; nested exception is org.springframework.beans.factory.BeanCurrentlyInCreationException: Error creating bean with name 'serviceStatusRepo': Requested bean is currently in creation: Is there an unresolvable circular reference?
2018-12-28 19:13:13,338 INFO org.apache.juli.logging.DirectJDKLog [restartedMain] Stopping service [Tomcat]
2018-12-28 19:13:13,358 INFO org.springframework.boot.autoconfigure.logging.ConditionEvaluationReportLoggingListener [restartedMain] 

Error starting ApplicationContext. To display the conditions report re-run your application with 'debug' enabled.
2018-12-28 19:13:13,368 ERROR org.springframework.boot.SpringApplication [restartedMain] Application run failed
org.springframework.beans.factory.UnsatisfiedDependencyException: Error creating bean with name 'consoleDocWsdlEndPoint': Unsatisfied dependency expressed through field 'consoleStatusRepo'; nested exception is org.springframework.beans.factory.UnsatisfiedDependencyException: Error creating bean with name 'integrifyDocWsdlEndPoint': Unsatisfied dependency expressed through field 'serviceStatusRepo'; nested exception is org.springframework.beans.factory.BeanCurrentlyInCreationException: Error creating bean with name 'serviceStatusRepo': Requested bean is currently in creation: Is there an unresolvable circular reference?
	at org.springframework.beans.factory.annotation.AutowiredAnnotationBeanPostProcessor$AutowiredFieldElement.inject(AutowiredAnnotationBeanPostProcessor.java:596)
	at org.springframework.beans.factory.annotation.InjectionMetadata.inject(InjectionMetadata.java:90)
	at org.springframework.beans.factory.annotation.AutowiredAnnotationBeanPostProcessor.postProcessProperties(AutowiredAnnotationBeanPostProcessor.java:374)
	at org.springframework.beans.factory.support.AbstractAutowireCapableBeanFactory.populateBean(AbstractAutowireCapableBeanFactory.java:1378)
	at org.springframework.beans.factory.support.AbstractAutowireCapableBeanFactory.doCreateBean(AbstractAutowireCapableBeanFactory.java:575)
	at org.springframework.beans.factory.support.AbstractAutowireCapableBeanFactory.createBean(AbstractAutowireCapableBeanFactory.java:498)
	at org.springframework.beans.factory.support.AbstractBeanFactory.lambda$doGetBean$0(AbstractBeanFactory.java:320)
	at org.springframework.beans.factory.support.DefaultSingletonBeanRegistry.getSingleton(DefaultSingletonBeanRegistry.java:222)
	at org.springframework.beans.factory.support.AbstractBeanFactory.doGetBean(AbstractBeanFactory.java:318)
	at org.springframework.beans.factory.support.AbstractBeanFactory.getBean(AbstractBeanFactory.java:199)
	at org.springframework.beans.factory.support.DefaultListableBeanFactory.preInstantiateSingletons(DefaultListableBeanFactory.java:846)
	at org.springframework.context.support.AbstractApplicationContext.finishBeanFactoryInitialization(AbstractApplicationContext.java:863)
	at org.springframework.context.support.AbstractApplicationContext.refresh(AbstractApplicationContext.java:546)
	at org.springframework.boot.web.servlet.context.ServletWebServerApplicationContext.refresh(ServletWebServerApplicationContext.java:142)
	at org.springframework.boot.SpringApplication.refresh(SpringApplication.java:775)
	at org.springframework.boot.SpringApplication.refreshContext(SpringApplication.java:397)
	at org.springframework.boot.SpringApplication.run(SpringApplication.java:316)
	at org.springframework.boot.SpringApplication.run(SpringApplication.java:1260)
	at org.springframework.boot.SpringApplication.run(SpringApplication.java:1248)
	at com.bprogrammer.example.Console.ConsoleApplication.main(ConsoleApplication.java:13)
	at sun.reflect.NativeMethodAccessorImpl.invoke0(Native Method)
	at sun.reflect.NativeMethodAccessorImpl.invoke(NativeMethodAccessorImpl.java:62)
	at sun.reflect.DelegatingMethodAccessorImpl.invoke(DelegatingMethodAccessorImpl.java:43)
	at java.lang.reflect.Method.invoke(Method.java:498)
	at org.springframework.boot.devtools.restart.RestartLauncher.run(RestartLauncher.java:49)
Caused by: org.springframework.beans.factory.UnsatisfiedDependencyException: Error creating bean with name 'integrifyDocWsdlEndPoint': Unsatisfied dependency expressed through field 'serviceStatusRepo'; nested exception is org.springframework.beans.factory.BeanCurrentlyInCreationException: Error creating bean with name 'serviceStatusRepo': Requested bean is currently in creation: Is there an unresolvable circular reference?
	at org.springframework.beans.factory.annotation.AutowiredAnnotationBeanPostProcessor$AutowiredFieldElement.inject(AutowiredAnnotationBeanPostProcessor.java:596)
	at org.springframework.beans.factory.annotation.InjectionMetadata.inject(InjectionMetadata.java:90)
	at org.springframework.beans.factory.annotation.AutowiredAnnotationBeanPostProcessor.postProcessProperties(AutowiredAnnotationBeanPostProcessor.java:374)
	at org.springframework.beans.factory.support.AbstractAutowireCapableBeanFactory.populateBean(AbstractAutowireCapableBeanFactory.java:1378)
	at org.springframework.beans.factory.support.AbstractAutowireCapableBeanFactory.doCreateBean(AbstractAutowireCapableBeanFactory.java:575)
	at org.springframework.beans.factory.support.AbstractAutowireCapableBeanFactory.createBean(AbstractAutowireCapableBeanFactory.java:498)
	at org.springframework.beans.factory.support.AbstractBeanFactory.lambda$doGetBean$0(AbstractBeanFactory.java:320)
	at org.springframework.beans.factory.support.DefaultSingletonBeanRegistry.getSingleton(DefaultSingletonBeanRegistry.java:222)
	at org.springframework.beans.factory.support.AbstractBeanFactory.doGetBean(AbstractBeanFactory.java:318)
	at org.springframework.beans.factory.support.AbstractBeanFactory.getBean(AbstractBeanFactory.java:199)
	at org.springframework.beans.factory.support.ConstructorResolver.instantiateUsingFactoryMethod(ConstructorResolver.java:392)
	at org.springframework.beans.factory.support.AbstractAutowireCapableBeanFactory.instantiateUsingFactoryMethod(AbstractAutowireCapableBeanFactory.java:1288)
	at org.springframework.beans.factory.support.AbstractAutowireCapableBeanFactory.createBeanInstance(AbstractAutowireCapableBeanFactory.java:1127)
	at org.springframework.beans.factory.support.AbstractAutowireCapableBeanFactory.doCreateBean(AbstractAutowireCapableBeanFactory.java:538)
	at org.springframework.beans.factory.support.AbstractAutowireCapableBeanFactory.createBean(AbstractAutowireCapableBeanFactory.java:498)
	at org.springframework.beans.factory.support.AbstractBeanFactory.lambda$doGetBean$0(AbstractBeanFactory.java:320)
	at org.springframework.beans.factory.support.DefaultSingletonBeanRegistry.getSingleton(DefaultSingletonBeanRegistry.java:222)
	at org.springframework.beans.factory.support.AbstractBeanFactory.doGetBean(AbstractBeanFactory.java:318)
	at org.springframework.beans.factory.support.AbstractBeanFactory.getBean(AbstractBeanFactory.java:199)
	at org.springframework.beans.factory.config.DependencyDescriptor.resolveCandidate(DependencyDescriptor.java:273)
	at org.springframework.beans.factory.support.DefaultListableBeanFactory.doResolveDependency(DefaultListableBeanFactory.java:1237)
	at org.springframework.beans.factory.support.DefaultListableBeanFactory.resolveDependency(DefaultListableBeanFactory.java:1164)
	at org.springframework.beans.factory.annotation.AutowiredAnnotationBeanPostProcessor$AutowiredFieldElement.inject(AutowiredAnnotationBeanPostProcessor.java:593)
	... 24 common frames omitted
Caused by: org.springframework.beans.factory.BeanCurrentlyInCreationException: Error creating bean with name 'serviceStatusRepo': Requested bean is currently in creation: Is there an unresolvable circular reference?
	at org.springframework.beans.factory.support.DefaultSingletonBeanRegistry.beforeSingletonCreation(DefaultSingletonBeanRegistry.java:339)
	at org.springframework.beans.factory.support.DefaultSingletonBeanRegistry.getSingleton(DefaultSingletonBeanRegistry.java:215)
	at org.springframework.beans.factory.support.AbstractBeanFactory.doGetBean(AbstractBeanFactory.java:318)
	at org.springframework.beans.factory.support.AbstractBeanFactory.getBean(AbstractBeanFactory.java:199)
	at org.springframework.beans.factory.config.DependencyDescriptor.resolveCandidate(DependencyDescriptor.java:273)
	at org.springframework.beans.factory.support.DefaultListableBeanFactory.doResolveDependency(DefaultListableBeanFactory.java:1237)
	at org.springframework.beans.factory.support.DefaultListableBeanFactory.resolveDependency(DefaultListableBeanFactory.java:1164)
	at org.springframework.beans.factory.annotation.AutowiredAnnotationBeanPostProcessor$AutowiredFieldElement.inject(AutowiredAnnotationBeanPostProcessor.java:593)
	... 46 common frames omitted
2018-12-28 19:15:19,942 INFO org.springframework.boot.StartupInfoLogger [restartedMain] Starting ConsoleApplication on longbridge-46 with PID 3812 (/home/longbridge/Desktop/Longbridge/ConsoleService/Console/target/classes started by longbridge in /home/longbridge/Desktop/Longbridge/ConsoleService/Console)
2018-12-28 19:15:19,947 DEBUG org.springframework.boot.StartupInfoLogger [restartedMain] Running with Spring Boot v2.2.0.BUILD-SNAPSHOT, Spring v5.1.4.BUILD-SNAPSHOT
2018-12-28 19:15:19,948 INFO org.springframework.boot.SpringApplication [restartedMain] No active profile set, falling back to default profiles: default
2018-12-28 19:15:20,187 INFO org.springframework.boot.logging.DeferredLog [restartedMain] Devtools property defaults active! Set 'spring.devtools.add-properties' to 'false' to disable
2018-12-28 19:15:20,187 INFO org.springframework.boot.logging.DeferredLog [restartedMain] For additional web related logging consider setting the 'logging.level.web' property to 'DEBUG'
2018-12-28 19:15:21,632 INFO org.springframework.context.support.PostProcessorRegistrationDelegate$BeanPostProcessorChecker [restartedMain] Bean 'org.springframework.ws.config.annotation.DelegatingWsConfiguration' of type [org.springframework.ws.config.annotation.DelegatingWsConfiguration$$EnhancerBySpringCGLIB$$e75d555a] is not eligible for getting processed by all BeanPostProcessors (for example: not eligible for auto-proxying)
2018-12-28 19:15:21,707 INFO org.springframework.ws.soap.addressing.server.AbstractAddressingEndpointMapping [restartedMain] Supporting [WS-Addressing August 2004, WS-Addressing 1.0]
2018-12-28 19:15:22,737 INFO org.springframework.boot.web.embedded.tomcat.TomcatWebServer [restartedMain] Tomcat initialized with port(s): 8080 (http)
2018-12-28 19:15:22,790 INFO org.apache.juli.logging.DirectJDKLog [restartedMain] Initializing ProtocolHandler ["http-nio-8080"]
2018-12-28 19:15:22,802 INFO org.apache.juli.logging.DirectJDKLog [restartedMain] Starting service [Tomcat]
2018-12-28 19:15:22,802 INFO org.apache.juli.logging.DirectJDKLog [restartedMain] Starting Servlet engine: [Apache Tomcat/9.0.14]
2018-12-28 19:15:22,865 INFO org.apache.juli.logging.DirectJDKLog [restartedMain] The APR based Apache Tomcat Native library which allows optimal performance in production environments was not found on the java.library.path: [/usr/java/packages/lib/amd64:/usr/lib/x86_64-linux-gnu/jni:/lib/x86_64-linux-gnu:/usr/lib/x86_64-linux-gnu:/usr/lib/jni:/lib:/usr/lib]
2018-12-28 19:15:22,980 INFO org.apache.juli.logging.DirectJDKLog [restartedMain] Initializing Spring embedded WebApplicationContext
2018-12-28 19:15:22,981 INFO org.springframework.boot.web.servlet.context.ServletWebServerApplicationContext [restartedMain] Root WebApplicationContext: initialization completed in 2792 ms
2018-12-28 19:15:23,196 WARN org.springframework.context.support.AbstractApplicationContext [restartedMain] Exception encountered during context initialization - cancelling refresh attempt: org.springframework.beans.factory.UnsatisfiedDependencyException: Error creating bean with name 'consoleDocWsdlEndPoint': Unsatisfied dependency expressed through field 'consoleStatusRepo'; nested exception is org.springframework.beans.factory.UnsatisfiedDependencyException: Error creating bean with name 'integrifyDocWsdlEndPoint': Unsatisfied dependency expressed through field 'serviceStatusRepo'; nested exception is org.springframework.beans.factory.BeanCurrentlyInCreationException: Error creating bean with name 'serviceStatusRepo': Requested bean is currently in creation: Is there an unresolvable circular reference?
2018-12-28 19:15:23,201 INFO org.apache.juli.logging.DirectJDKLog [restartedMain] Stopping service [Tomcat]
2018-12-28 19:15:23,218 INFO org.springframework.boot.autoconfigure.logging.ConditionEvaluationReportLoggingListener [restartedMain] 

Error starting ApplicationContext. To display the conditions report re-run your application with 'debug' enabled.
2018-12-28 19:15:23,228 ERROR org.springframework.boot.SpringApplication [restartedMain] Application run failed
org.springframework.beans.factory.UnsatisfiedDependencyException: Error creating bean with name 'consoleDocWsdlEndPoint': Unsatisfied dependency expressed through field 'consoleStatusRepo'; nested exception is org.springframework.beans.factory.UnsatisfiedDependencyException: Error creating bean with name 'integrifyDocWsdlEndPoint': Unsatisfied dependency expressed through field 'serviceStatusRepo'; nested exception is org.springframework.beans.factory.BeanCurrentlyInCreationException: Error creating bean with name 'serviceStatusRepo': Requested bean is currently in creation: Is there an unresolvable circular reference?
	at org.springframework.beans.factory.annotation.AutowiredAnnotationBeanPostProcessor$AutowiredFieldElement.inject(AutowiredAnnotationBeanPostProcessor.java:596)
	at org.springframework.beans.factory.annotation.InjectionMetadata.inject(InjectionMetadata.java:90)
	at org.springframework.beans.factory.annotation.AutowiredAnnotationBeanPostProcessor.postProcessProperties(AutowiredAnnotationBeanPostProcessor.java:374)
	at org.springframework.beans.factory.support.AbstractAutowireCapableBeanFactory.populateBean(AbstractAutowireCapableBeanFactory.java:1378)
	at org.springframework.beans.factory.support.AbstractAutowireCapableBeanFactory.doCreateBean(AbstractAutowireCapableBeanFactory.java:575)
	at org.springframework.beans.factory.support.AbstractAutowireCapableBeanFactory.createBean(AbstractAutowireCapableBeanFactory.java:498)
	at org.springframework.beans.factory.support.AbstractBeanFactory.lambda$doGetBean$0(AbstractBeanFactory.java:320)
	at org.springframework.beans.factory.support.DefaultSingletonBeanRegistry.getSingleton(DefaultSingletonBeanRegistry.java:222)
	at org.springframework.beans.factory.support.AbstractBeanFactory.doGetBean(AbstractBeanFactory.java:318)
	at org.springframework.beans.factory.support.AbstractBeanFactory.getBean(AbstractBeanFactory.java:199)
	at org.springframework.beans.factory.support.DefaultListableBeanFactory.preInstantiateSingletons(DefaultListableBeanFactory.java:846)
	at org.springframework.context.support.AbstractApplicationContext.finishBeanFactoryInitialization(AbstractApplicationContext.java:863)
	at org.springframework.context.support.AbstractApplicationContext.refresh(AbstractApplicationContext.java:546)
	at org.springframework.boot.web.servlet.context.ServletWebServerApplicationContext.refresh(ServletWebServerApplicationContext.java:142)
	at org.springframework.boot.SpringApplication.refresh(SpringApplication.java:775)
	at org.springframework.boot.SpringApplication.refreshContext(SpringApplication.java:397)
	at org.springframework.boot.SpringApplication.run(SpringApplication.java:316)
	at org.springframework.boot.SpringApplication.run(SpringApplication.java:1260)
	at org.springframework.boot.SpringApplication.run(SpringApplication.java:1248)
	at com.bprogrammer.example.Console.ConsoleApplication.main(ConsoleApplication.java:13)
	at sun.reflect.NativeMethodAccessorImpl.invoke0(Native Method)
	at sun.reflect.NativeMethodAccessorImpl.invoke(NativeMethodAccessorImpl.java:62)
	at sun.reflect.DelegatingMethodAccessorImpl.invoke(DelegatingMethodAccessorImpl.java:43)
	at java.lang.reflect.Method.invoke(Method.java:498)
	at org.springframework.boot.devtools.restart.RestartLauncher.run(RestartLauncher.java:49)
Caused by: org.springframework.beans.factory.UnsatisfiedDependencyException: Error creating bean with name 'integrifyDocWsdlEndPoint': Unsatisfied dependency expressed through field 'serviceStatusRepo'; nested exception is org.springframework.beans.factory.BeanCurrentlyInCreationException: Error creating bean with name 'serviceStatusRepo': Requested bean is currently in creation: Is there an unresolvable circular reference?
	at org.springframework.beans.factory.annotation.AutowiredAnnotationBeanPostProcessor$AutowiredFieldElement.inject(AutowiredAnnotationBeanPostProcessor.java:596)
	at org.springframework.beans.factory.annotation.InjectionMetadata.inject(InjectionMetadata.java:90)
	at org.springframework.beans.factory.annotation.AutowiredAnnotationBeanPostProcessor.postProcessProperties(AutowiredAnnotationBeanPostProcessor.java:374)
	at org.springframework.beans.factory.support.AbstractAutowireCapableBeanFactory.populateBean(AbstractAutowireCapableBeanFactory.java:1378)
	at org.springframework.beans.factory.support.AbstractAutowireCapableBeanFactory.doCreateBean(AbstractAutowireCapableBeanFactory.java:575)
	at org.springframework.beans.factory.support.AbstractAutowireCapableBeanFactory.createBean(AbstractAutowireCapableBeanFactory.java:498)
	at org.springframework.beans.factory.support.AbstractBeanFactory.lambda$doGetBean$0(AbstractBeanFactory.java:320)
	at org.springframework.beans.factory.support.DefaultSingletonBeanRegistry.getSingleton(DefaultSingletonBeanRegistry.java:222)
	at org.springframework.beans.factory.support.AbstractBeanFactory.doGetBean(AbstractBeanFactory.java:318)
	at org.springframework.beans.factory.support.AbstractBeanFactory.getBean(AbstractBeanFactory.java:199)
	at org.springframework.beans.factory.support.ConstructorResolver.instantiateUsingFactoryMethod(ConstructorResolver.java:392)
	at org.springframework.beans.factory.support.AbstractAutowireCapableBeanFactory.instantiateUsingFactoryMethod(AbstractAutowireCapableBeanFactory.java:1288)
	at org.springframework.beans.factory.support.AbstractAutowireCapableBeanFactory.createBeanInstance(AbstractAutowireCapableBeanFactory.java:1127)
	at org.springframework.beans.factory.support.AbstractAutowireCapableBeanFactory.doCreateBean(AbstractAutowireCapableBeanFactory.java:538)
	at org.springframework.beans.factory.support.AbstractAutowireCapableBeanFactory.createBean(AbstractAutowireCapableBeanFactory.java:498)
	at org.springframework.beans.factory.support.AbstractBeanFactory.lambda$doGetBean$0(AbstractBeanFactory.java:320)
	at org.springframework.beans.factory.support.DefaultSingletonBeanRegistry.getSingleton(DefaultSingletonBeanRegistry.java:222)
	at org.springframework.beans.factory.support.AbstractBeanFactory.doGetBean(AbstractBeanFactory.java:318)
	at org.springframework.beans.factory.support.AbstractBeanFactory.getBean(AbstractBeanFactory.java:199)
	at org.springframework.beans.factory.config.DependencyDescriptor.resolveCandidate(DependencyDescriptor.java:273)
	at org.springframework.beans.factory.support.DefaultListableBeanFactory.doResolveDependency(DefaultListableBeanFactory.java:1237)
	at org.springframework.beans.factory.support.DefaultListableBeanFactory.resolveDependency(DefaultListableBeanFactory.java:1164)
	at org.springframework.beans.factory.annotation.AutowiredAnnotationBeanPostProcessor$AutowiredFieldElement.inject(AutowiredAnnotationBeanPostProcessor.java:593)
	... 24 common frames omitted
Caused by: org.springframework.beans.factory.BeanCurrentlyInCreationException: Error creating bean with name 'serviceStatusRepo': Requested bean is currently in creation: Is there an unresolvable circular reference?
	at org.springframework.beans.factory.support.DefaultSingletonBeanRegistry.beforeSingletonCreation(DefaultSingletonBeanRegistry.java:339)
	at org.springframework.beans.factory.support.DefaultSingletonBeanRegistry.getSingleton(DefaultSingletonBeanRegistry.java:215)
	at org.springframework.beans.factory.support.AbstractBeanFactory.doGetBean(AbstractBeanFactory.java:318)
	at org.springframework.beans.factory.support.AbstractBeanFactory.getBean(AbstractBeanFactory.java:199)
	at org.springframework.beans.factory.config.DependencyDescriptor.resolveCandidate(DependencyDescriptor.java:273)
	at org.springframework.beans.factory.support.DefaultListableBeanFactory.doResolveDependency(DefaultListableBeanFactory.java:1237)
	at org.springframework.beans.factory.support.DefaultListableBeanFactory.resolveDependency(DefaultListableBeanFactory.java:1164)
	at org.springframework.beans.factory.annotation.AutowiredAnnotationBeanPostProcessor$AutowiredFieldElement.inject(AutowiredAnnotationBeanPostProcessor.java:593)
	... 46 common frames omitted
2018-12-28 19:16:38,308 INFO org.springframework.boot.StartupInfoLogger [restartedMain] Starting ConsoleApplication on longbridge-46 with PID 4136 (/home/longbridge/Desktop/Longbridge/ConsoleService/Console/target/classes started by longbridge in /home/longbridge/Desktop/Longbridge/ConsoleService/Console)
2018-12-28 19:16:38,324 DEBUG org.springframework.boot.StartupInfoLogger [restartedMain] Running with Spring Boot v2.2.0.BUILD-SNAPSHOT, Spring v5.1.4.BUILD-SNAPSHOT
2018-12-28 19:16:38,326 INFO org.springframework.boot.SpringApplication [restartedMain] No active profile set, falling back to default profiles: default
2018-12-28 19:16:38,437 INFO org.springframework.boot.logging.DeferredLog [restartedMain] Devtools property defaults active! Set 'spring.devtools.add-properties' to 'false' to disable
2018-12-28 19:16:38,438 INFO org.springframework.boot.logging.DeferredLog [restartedMain] For additional web related logging consider setting the 'logging.level.web' property to 'DEBUG'
2018-12-28 19:16:39,755 INFO org.springframework.context.support.PostProcessorRegistrationDelegate$BeanPostProcessorChecker [restartedMain] Bean 'org.springframework.ws.config.annotation.DelegatingWsConfiguration' of type [org.springframework.ws.config.annotation.DelegatingWsConfiguration$$EnhancerBySpringCGLIB$$de84b000] is not eligible for getting processed by all BeanPostProcessors (for example: not eligible for auto-proxying)
2018-12-28 19:16:39,793 INFO org.springframework.ws.soap.addressing.server.AbstractAddressingEndpointMapping [restartedMain] Supporting [WS-Addressing August 2004, WS-Addressing 1.0]
2018-12-28 19:16:40,246 INFO org.springframework.boot.web.embedded.tomcat.TomcatWebServer [restartedMain] Tomcat initialized with port(s): 8080 (http)
2018-12-28 19:16:40,262 INFO org.apache.juli.logging.DirectJDKLog [restartedMain] Initializing ProtocolHandler ["http-nio-8080"]
2018-12-28 19:16:40,274 INFO org.apache.juli.logging.DirectJDKLog [restartedMain] Starting service [Tomcat]
2018-12-28 19:16:40,274 INFO org.apache.juli.logging.DirectJDKLog [restartedMain] Starting Servlet engine: [Apache Tomcat/9.0.14]
2018-12-28 19:16:40,282 INFO org.apache.juli.logging.DirectJDKLog [restartedMain] The APR based Apache Tomcat Native library which allows optimal performance in production environments was not found on the java.library.path: [/usr/java/packages/lib/amd64:/usr/lib/x86_64-linux-gnu/jni:/lib/x86_64-linux-gnu:/usr/lib/x86_64-linux-gnu:/usr/lib/jni:/lib:/usr/lib]
2018-12-28 19:16:40,352 INFO org.apache.juli.logging.DirectJDKLog [restartedMain] Initializing Spring embedded WebApplicationContext
2018-12-28 19:16:40,353 INFO org.springframework.boot.web.servlet.context.ServletWebServerApplicationContext [restartedMain] Root WebApplicationContext: initialization completed in 1915 ms
2018-12-28 19:16:40,444 WARN org.springframework.context.support.AbstractApplicationContext [restartedMain] Exception encountered during context initialization - cancelling refresh attempt: org.springframework.beans.factory.UnsatisfiedDependencyException: Error creating bean with name 'consoleDocWsdlEndPoint': Unsatisfied dependency expressed through field 'consoleStatusRepo'; nested exception is org.springframework.beans.factory.NoSuchBeanDefinitionException: No qualifying bean of type 'com.bprogrammer.example.Console.repository.ServiceStatusRepo' available: expected at least 1 bean which qualifies as autowire candidate. Dependency annotations: {@org.springframework.beans.factory.annotation.Autowired(required=true)}
2018-12-28 19:16:40,448 INFO org.apache.juli.logging.DirectJDKLog [restartedMain] Stopping service [Tomcat]
2018-12-28 19:16:40,469 INFO org.springframework.boot.autoconfigure.logging.ConditionEvaluationReportLoggingListener [restartedMain] 

Error starting ApplicationContext. To display the conditions report re-run your application with 'debug' enabled.
2018-12-28 19:16:40,804 ERROR org.springframework.boot.diagnostics.LoggingFailureAnalysisReporter [restartedMain] 

***************************
APPLICATION FAILED TO START
***************************

Description:

Field consoleStatusRepo in com.bprogrammer.example.Console.webservices.ConsoleDocWsdlEndPoint required a bean of type 'com.bprogrammer.example.Console.repository.ServiceStatusRepo' that could not be found.

The injection point has the following annotations:
	- @org.springframework.beans.factory.annotation.Autowired(required=true)


Action:

Consider defining a bean of type 'com.bprogrammer.example.Console.repository.ServiceStatusRepo' in your configuration.

2018-12-28 19:18:49,853 INFO org.springframework.boot.StartupInfoLogger [restartedMain] Starting ConsoleApplication on longbridge-46 with PID 4528 (/home/longbridge/Desktop/Longbridge/ConsoleService/Console/target/classes started by longbridge in /home/longbridge/Desktop/Longbridge/ConsoleService/Console)
2018-12-28 19:18:49,860 DEBUG org.springframework.boot.StartupInfoLogger [restartedMain] Running with Spring Boot v2.2.0.BUILD-SNAPSHOT, Spring v5.1.4.BUILD-SNAPSHOT
2018-12-28 19:18:49,862 INFO org.springframework.boot.SpringApplication [restartedMain] No active profile set, falling back to default profiles: default
2018-12-28 19:18:49,947 INFO org.springframework.boot.logging.DeferredLog [restartedMain] Devtools property defaults active! Set 'spring.devtools.add-properties' to 'false' to disable
2018-12-28 19:18:49,947 INFO org.springframework.boot.logging.DeferredLog [restartedMain] For additional web related logging consider setting the 'logging.level.web' property to 'DEBUG'
2018-12-28 19:18:51,348 INFO org.springframework.context.support.PostProcessorRegistrationDelegate$BeanPostProcessorChecker [restartedMain] Bean 'org.springframework.ws.config.annotation.DelegatingWsConfiguration' of type [org.springframework.ws.config.annotation.DelegatingWsConfiguration$$EnhancerBySpringCGLIB$$7a62ec72] is not eligible for getting processed by all BeanPostProcessors (for example: not eligible for auto-proxying)
2018-12-28 19:18:51,398 INFO org.springframework.ws.soap.addressing.server.AbstractAddressingEndpointMapping [restartedMain] Supporting [WS-Addressing August 2004, WS-Addressing 1.0]
2018-12-28 19:18:51,852 INFO org.springframework.boot.web.embedded.tomcat.TomcatWebServer [restartedMain] Tomcat initialized with port(s): 8080 (http)
2018-12-28 19:18:51,868 INFO org.apache.juli.logging.DirectJDKLog [restartedMain] Initializing ProtocolHandler ["http-nio-8080"]
2018-12-28 19:18:51,880 INFO org.apache.juli.logging.DirectJDKLog [restartedMain] Starting service [Tomcat]
2018-12-28 19:18:51,881 INFO org.apache.juli.logging.DirectJDKLog [restartedMain] Starting Servlet engine: [Apache Tomcat/9.0.14]
2018-12-28 19:18:51,893 INFO org.apache.juli.logging.DirectJDKLog [restartedMain] The APR based Apache Tomcat Native library which allows optimal performance in production environments was not found on the java.library.path: [/usr/java/packages/lib/amd64:/usr/lib/x86_64-linux-gnu/jni:/lib/x86_64-linux-gnu:/usr/lib/x86_64-linux-gnu:/usr/lib/jni:/lib:/usr/lib]
2018-12-28 19:18:51,968 INFO org.apache.juli.logging.DirectJDKLog [restartedMain] Initializing Spring embedded WebApplicationContext
2018-12-28 19:18:51,969 INFO org.springframework.boot.web.servlet.context.ServletWebServerApplicationContext [restartedMain] Root WebApplicationContext: initialization completed in 2021 ms
2018-12-28 19:18:54,527 INFO org.springframework.scheduling.concurrent.ExecutorConfigurationSupport [restartedMain] Initializing ExecutorService 'applicationTaskExecutor'
2018-12-28 19:18:56,607 INFO org.springframework.boot.devtools.autoconfigure.OptionalLiveReloadServer [restartedMain] LiveReload server is running on port 35729
2018-12-28 19:18:56,862 INFO org.apache.juli.logging.DirectJDKLog [restartedMain] Starting ProtocolHandler ["http-nio-8080"]
2018-12-28 19:18:57,002 INFO org.springframework.boot.web.embedded.tomcat.TomcatWebServer [restartedMain] Tomcat started on port(s): 8080 (http) with context path ''
2018-12-28 19:18:57,007 INFO org.springframework.boot.StartupInfoLogger [restartedMain] Started ConsoleApplication in 8.07 seconds (JVM running for 8.956)
2018-12-28 19:18:57,009 INFO com.bprogrammer.example.Console.ConsoleApplication [restartedMain] Web service has started
2018-12-28 19:31:17,108 INFO org.apache.juli.logging.DirectJDKLog [http-nio-8080-exec-1] Initializing Spring MessageDispatcherServlet 'messageDispatcherServlet'
2018-12-28 19:31:17,168 INFO org.springframework.web.servlet.FrameworkServlet [http-nio-8080-exec-1] Initializing Servlet 'messageDispatcherServlet'
2018-12-28 19:31:17,293 INFO org.springframework.ws.soap.saaj.SaajSoapMessageFactory [http-nio-8080-exec-1] Creating SAAJ 1.3 MessageFactory with SOAP 1.1 Protocol
2018-12-28 19:31:17,529 INFO org.springframework.web.servlet.FrameworkServlet [http-nio-8080-exec-1] Completed initialization in 360 ms
2018-12-28 19:33:44,716 INFO org.apache.juli.logging.DirectJDKLog [http-nio-8080-exec-3] Initializing Spring DispatcherServlet 'dispatcherServlet'
2018-12-28 19:33:44,717 INFO org.springframework.web.servlet.FrameworkServlet [http-nio-8080-exec-3] Initializing Servlet 'dispatcherServlet'
2018-12-28 19:33:44,936 INFO org.springframework.web.servlet.FrameworkServlet [http-nio-8080-exec-3] Completed initialization in 218 ms
2018-12-28 19:44:35,552 INFO org.springframework.scheduling.concurrent.ExecutorConfigurationSupport [Thread-25] Shutting down ExecutorService 'applicationTaskExecutor'
2018-12-28 19:45:52,081 INFO org.springframework.boot.StartupInfoLogger [restartedMain] Starting ConsoleApplication on longbridge-46 with PID 9624 (/home/longbridge/Desktop/Longbridge/ConsoleService/Console/target/classes started by longbridge in /home/longbridge/Desktop/Longbridge/ConsoleService/Console)
2018-12-28 19:45:52,123 DEBUG org.springframework.boot.StartupInfoLogger [restartedMain] Running with Spring Boot v2.2.0.BUILD-SNAPSHOT, Spring v5.1.4.BUILD-SNAPSHOT
2018-12-28 19:45:52,124 INFO org.springframework.boot.SpringApplication [restartedMain] No active profile set, falling back to default profiles: default
2018-12-28 19:45:52,376 INFO org.springframework.boot.logging.DeferredLog [restartedMain] Devtools property defaults active! Set 'spring.devtools.add-properties' to 'false' to disable
2018-12-28 19:45:52,377 INFO org.springframework.boot.logging.DeferredLog [restartedMain] For additional web related logging consider setting the 'logging.level.web' property to 'DEBUG'
2018-12-28 19:45:56,358 INFO org.springframework.context.support.PostProcessorRegistrationDelegate$BeanPostProcessorChecker [restartedMain] Bean 'org.springframework.ws.config.annotation.DelegatingWsConfiguration' of type [org.springframework.ws.config.annotation.DelegatingWsConfiguration$$EnhancerBySpringCGLIB$$6111dceb] is not eligible for getting processed by all BeanPostProcessors (for example: not eligible for auto-proxying)
2018-12-28 19:45:56,564 INFO org.springframework.ws.soap.addressing.server.AbstractAddressingEndpointMapping [restartedMain] Supporting [WS-Addressing August 2004, WS-Addressing 1.0]
2018-12-28 19:45:57,529 INFO org.springframework.boot.web.embedded.tomcat.TomcatWebServer [restartedMain] Tomcat initialized with port(s): 8080 (http)
2018-12-28 19:45:57,562 INFO org.apache.juli.logging.DirectJDKLog [restartedMain] Initializing ProtocolHandler ["http-nio-8080"]
2018-12-28 19:45:57,599 INFO org.apache.juli.logging.DirectJDKLog [restartedMain] Starting service [Tomcat]
2018-12-28 19:45:57,599 INFO org.apache.juli.logging.DirectJDKLog [restartedMain] Starting Servlet engine: [Apache Tomcat/9.0.14]
2018-12-28 19:45:57,649 INFO org.apache.juli.logging.DirectJDKLog [restartedMain] The APR based Apache Tomcat Native library which allows optimal performance in production environments was not found on the java.library.path: [/usr/java/packages/lib/amd64:/usr/lib/x86_64-linux-gnu/jni:/lib/x86_64-linux-gnu:/usr/lib/x86_64-linux-gnu:/usr/lib/jni:/lib:/usr/lib]
2018-12-28 19:45:57,763 INFO org.apache.juli.logging.DirectJDKLog [restartedMain] Initializing Spring embedded WebApplicationContext
2018-12-28 19:45:57,764 INFO org.springframework.boot.web.servlet.context.ServletWebServerApplicationContext [restartedMain] Root WebApplicationContext: initialization completed in 5387 ms
2018-12-28 19:45:58,797 INFO org.springframework.scheduling.concurrent.ExecutorConfigurationSupport [restartedMain] Initializing ExecutorService 'applicationTaskExecutor'
2018-12-28 19:45:59,457 INFO org.springframework.boot.devtools.autoconfigure.OptionalLiveReloadServer [restartedMain] LiveReload server is running on port 35729
2018-12-28 19:45:59,509 INFO org.apache.juli.logging.DirectJDKLog [restartedMain] Starting ProtocolHandler ["http-nio-8080"]
2018-12-28 19:45:59,549 INFO org.springframework.boot.web.embedded.tomcat.TomcatWebServer [restartedMain] Tomcat started on port(s): 8080 (http) with context path ''
2018-12-28 19:45:59,555 INFO org.springframework.boot.StartupInfoLogger [restartedMain] Started ConsoleApplication in 11.355 seconds (JVM running for 19.341)
2018-12-28 19:45:59,557 INFO com.bprogrammer.example.Console.ConsoleApplication [restartedMain] Web service has started
2018-12-28 19:46:15,960 INFO org.apache.juli.logging.DirectJDKLog [http-nio-8080-exec-1] Initializing Spring DispatcherServlet 'dispatcherServlet'
2018-12-28 19:46:15,961 INFO org.springframework.web.servlet.FrameworkServlet [http-nio-8080-exec-1] Initializing Servlet 'dispatcherServlet'
2018-12-28 19:46:15,970 INFO org.springframework.web.servlet.FrameworkServlet [http-nio-8080-exec-1] Completed initialization in 8 ms
